<?xml version="1.0" encoding="UTF-8"?>
<!-- Generated by org.testng.reporters.JUnitReportReporter -->
<testsuite hostname="Kevins-MacBook-Pro.local" name="com.legalzoom.web.test.integration.llc.TestSignInAsNewUserSuccessfulIT" tests="1" failures="0" timestamp="8 Dec 2015 17:02:14 GMT" time="4.525" errors="1">
  <testcase name="test_SignIn_As_New_User_Should_Successful" time="4.525" classname="com.legalzoom.web.test.integration.llc.TestSignInAsNewUserSuccessfulIT">
    <error type="org.openqa.selenium.UnsupportedCommandException" message="Resolution you specified is not available for this OS/browser/version/device combo: OS: &#039;Windows 2012 R2&#039;, Browser: &#039;iexplore&#039;, Version: &#039;11.&#039;, Device: &#039;unspecified&#039;, Screen Resolution: &#039;1920x1200&#039; available resolutions: &#039;800x600&#039;, &#039;1024x768&#039;, &#039;1280x1024&#039;
Command duration or timeout: 4.25 seconds
Build info: version: &#039;2.48.2&#039;, revision: &#039;41bccdd10cf2c0560f637404c2d96164b67d9d67&#039;, time: &#039;2015-10-09 13:08:06&#039;
System info: host: &#039;Kevins-MacBook-Pro.local&#039;, ip: &#039;10.35.4.137&#039;, os.name: &#039;Mac OS X&#039;, os.arch: &#039;x86_64&#039;, os.version: &#039;10.10.5&#039;, java.version: &#039;1.8.0_60&#039;
Driver info: org.openqa.selenium.remote.RemoteWebDriver">
      <![CDATA[org.openqa.selenium.UnsupportedCommandException: Resolution you specified is not available for this OS/browser/version/device combo: OS: 'Windows 2012 R2', Browser: 'iexplore', Version: '11.', Device: 'unspecified', Screen Resolution: '1920x1200' available resolutions: '800x600', '1024x768', '1280x1024'
Command duration or timeout: 4.25 seconds
Build info: version: '2.48.2', revision: '41bccdd10cf2c0560f637404c2d96164b67d9d67', time: '2015-10-09 13:08:06'
System info: host: 'Kevins-MacBook-Pro.local', ip: '10.35.4.137', os.name: 'Mac OS X', os.arch: 'x86_64', os.version: '10.10.5', java.version: '1.8.0_60'
Driver info: org.openqa.selenium.remote.RemoteWebDriver
	at sun.reflect.NativeConstructorAccessorImpl.newInstance0(Native Method)
	at sun.reflect.NativeConstructorAccessorImpl.newInstance(NativeConstructorAccessorImpl.java:62)
	at sun.reflect.DelegatingConstructorAccessorImpl.newInstance(DelegatingConstructorAccessorImpl.java:45)
	at java.lang.reflect.Constructor.newInstance(Constructor.java:422)
	at org.openqa.selenium.remote.ErrorHandler.createThrowable(ErrorHandler.java:206)
	at org.openqa.selenium.remote.ErrorHandler.throwIfResponseFailed(ErrorHandler.java:158)
	at org.openqa.selenium.remote.RemoteWebDriver.execute(RemoteWebDriver.java:647)
	at org.openqa.selenium.remote.RemoteWebDriver.startSession(RemoteWebDriver.java:247)
	at org.openqa.selenium.remote.RemoteWebDriver.<init>(RemoteWebDriver.java:129)
	at org.openqa.selenium.remote.RemoteWebDriver.<init>(RemoteWebDriver.java:156)
	at com.legalzoom.web.test.integration.llc.TestSignInAsNewUserSuccessfulIT.createDriver(TestSignInAsNewUserSuccessfulIT.java:151)
	at com.legalzoom.web.test.integration.llc.TestSignInAsNewUserSuccessfulIT.test_SignIn_As_New_User_Should_Successful(TestSignInAsNewUserSuccessfulIT.java:188)
	at sun.reflect.NativeMethodAccessorImpl.invoke0(Native Method)
	at sun.reflect.NativeMethodAccessorImpl.invoke(NativeMethodAccessorImpl.java:62)
	at sun.reflect.DelegatingMethodAccessorImpl.invoke(DelegatingMethodAccessorImpl.java:43)
	at java.lang.reflect.Method.invoke(Method.java:497)
	at org.testng.internal.MethodInvocationHelper.invokeMethod(MethodInvocationHelper.java:85)
	at org.testng.internal.Invoker.invokeMethod(Invoker.java:639)
	at org.testng.internal.Invoker.invokeTestMethod(Invoker.java:816)
	at org.testng.internal.TestMethodWithDataProviderMethodWorker.call(TestMethodWithDataProviderMethodWorker.java:75)
	at org.testng.internal.TestMethodWithDataProviderMethodWorker.call(TestMethodWithDataProviderMethodWorker.java:14)
	at java.util.concurrent.FutureTask.run(FutureTask.java:266)
	at java.util.concurrent.Executors$RunnableAdapter.call(Executors.java:511)
	at java.util.concurrent.FutureTask.run(FutureTask.java:266)
	at java.util.concurrent.ThreadPoolExecutor.runWorker(ThreadPoolExecutor.java:1142)
	at java.util.concurrent.ThreadPoolExecutor$Worker.run(ThreadPoolExecutor.java:617)
	at java.lang.Thread.run(Thread.java:745)
]]>
    </error>
  </testcase> <!-- test_SignIn_As_New_User_Should_Successful -->
</testsuite> <!-- com.legalzoom.web.test.integration.llc.TestSignInAsNewUserSuccessfulIT -->
