<?xml version="1.0" encoding="UTF-8"?>
<testsuite name="Surefire test"
           tests="1"
           failures="1"
           errors="0"
           skipped="0"
           time="4.525">
  <properties />
            <testcase name="test_SignIn_As_New_User_Should_Successful" time="4.525" classname="com.legalzoom.web.test.integration.llc.TestSignInAsNewUserSuccessfulIT">
                <failure type="org.openqa.selenium.UnsupportedCommandException"
                  message="Resolution you specified is not available for this OS/browser/version/device combo: OS: &apos;Windows 2012 R2&apos;, Browser: &apos;iexplore&apos;, Version: &apos;11.&apos;, Device: &apos;unspecified&apos;, Screen Resolution: &apos;1920x1200&apos; available resolutions: &apos;800x600&apos;, &apos;1024x768&apos;, &apos;1280x1024&apos;
Command duration or timeout: 4.25 seconds
Build info: version: &apos;2.48.2&apos;, revision: &apos;41bccdd10cf2c0560f637404c2d96164b67d9d67&apos;, time: &apos;2015-10-09 13:08:06&apos;
System info: host: &apos;Kevins-MacBook-Pro.local&apos;, ip: &apos;10.35.4.137&apos;, os.name: &apos;Mac OS X&apos;, os.arch: &apos;x86_64&apos;, os.version: &apos;10.10.5&apos;, java.version: &apos;1.8.0_60&apos;
Driver info: org.openqa.selenium.remote.RemoteWebDriver"
              >
<![CDATA[org.openqa.selenium.UnsupportedCommandException: Resolution you specified is not available for this OS/browser/version/device combo: OS: 'Windows 2012 R2', Browser: 'iexplore', Version: '11.', Device: 'unspecified', Screen Resolution: '1920x1200' available resolutions: '800x600', '1024x768', '1280x1024'
Command duration or timeout: 4.25 seconds
Build info: version: '2.48.2', revision: '41bccdd10cf2c0560f637404c2d96164b67d9d67', time: '2015-10-09 13:08:06'
System info: host: 'Kevins-MacBook-Pro.local', ip: '10.35.4.137', os.name: 'Mac OS X', os.arch: 'x86_64', os.version: '10.10.5', java.version: '1.8.0_60'
Driver info: org.openqa.selenium.remote.RemoteWebDriver
  sun.reflect.NativeConstructorAccessorImpl.newInstance0(Native Method)
  sun.reflect.NativeConstructorAccessorImpl.newInstance(NativeConstructorAccessorImpl.java:62)
  sun.reflect.DelegatingConstructorAccessorImpl.newInstance(DelegatingConstructorAccessorImpl.java:45)
  java.lang.reflect.Constructor.newInstance(Constructor.java:422)
  org.openqa.selenium.remote.ErrorHandler.createThrowable(ErrorHandler.java:206)
  org.openqa.selenium.remote.ErrorHandler.throwIfResponseFailed(ErrorHandler.java:158)
  org.openqa.selenium.remote.RemoteWebDriver.execute(RemoteWebDriver.java:647)
  org.openqa.selenium.remote.RemoteWebDriver.startSession(RemoteWebDriver.java:247)
  org.openqa.selenium.remote.RemoteWebDriver.<init>(RemoteWebDriver.java:129)
  org.openqa.selenium.remote.RemoteWebDriver.<init>(RemoteWebDriver.java:156)
  com.legalzoom.web.test.integration.llc.TestSignInAsNewUserSuccessfulIT.createDriver(TestSignInAsNewUserSuccessfulIT.java:151)
  com.legalzoom.web.test.integration.llc.TestSignInAsNewUserSuccessfulIT.test_SignIn_As_New_User_Should_Successful(TestSignInAsNewUserSuccessfulIT.java:188)
  sun.reflect.NativeMethodAccessorImpl.invoke0(Native Method)
  sun.reflect.NativeMethodAccessorImpl.invoke(NativeMethodAccessorImpl.java:62)
  sun.reflect.DelegatingMethodAccessorImpl.invoke(DelegatingMethodAccessorImpl.java:43)
  java.lang.reflect.Method.invoke(Method.java:497)
  org.testng.internal.MethodInvocationHelper.invokeMethod(MethodInvocationHelper.java:85)
  org.testng.internal.Invoker.invokeMethod(Invoker.java:639)
  org.testng.internal.Invoker.invokeTestMethod(Invoker.java:816)
  org.testng.internal.TestMethodWithDataProviderMethodWorker.call(TestMethodWithDataProviderMethodWorker.java:75)
  org.testng.internal.TestMethodWithDataProviderMethodWorker.call(TestMethodWithDataProviderMethodWorker.java:14)
  java.util.concurrent.FutureTask.run(FutureTask.java:266)
  java.util.concurrent.Executors$RunnableAdapter.call(Executors.java:511)
  java.util.concurrent.FutureTask.run(FutureTask.java:266)
  java.util.concurrent.ThreadPoolExecutor.runWorker(ThreadPoolExecutor.java:1142)
  java.util.concurrent.ThreadPoolExecutor$Worker.run(ThreadPoolExecutor.java:617)
  java.lang.Thread.run(Thread.java:745)
]]>
      </failure>

          </testcase>
  
  
  
</testsuite>
